<?xml version="1.0" encoding="UTF-8"?>
<!-- Generated by org.testng.reporters.JUnitXMLReporter -->
<testsuite ignored="0" hostname="PSDTP002" failures="0" tests="3" name="Test" time="48.6" errors="0" timestamp="2024-05-07T17:45:59 IST">
  <testcase classname="com.test.OrangeHRMTest" name="loginPageTest" time="4.066"/>
  <testcase classname="com.test.OrangeHRMTest" name="loginTest" time="6.315"/>
  <testcase classname="com.test.OrangeHRMTest" name="sampleCase" time="0.002"/>
</testsuite> <!-- Test -->
