<?xml version="1.0" encoding="UTF-8"?>
<testng-results ignored="0" total="3" passed="3" failed="0" skipped="0">
  <reporter-output>
  </reporter-output>
  <suite started-at="2024-05-07T17:45:11 IST" name="Suite" finished-at="2024-05-07T17:45:59 IST" duration-ms="48600">
    <groups>
    </groups>
    <test started-at="2024-05-07T17:45:11 IST" name="Test" finished-at="2024-05-07T17:45:59 IST" duration-ms="48600">
      <class name="com.test.OrangeHRMTest">
        <test-method is-config="true" signature="BeforeSuite()[pri:0, instance:com.test.OrangeHRMTest@6771beb3]" started-at="2024-05-07T17:45:10 IST" name="BeforeSuite" finished-at="2024-05-07T17:45:11 IST" duration-ms="166" status="PASS">
          <reporter-output>
          </reporter-output>
        </test-method> <!-- BeforeSuite -->
        <test-method is-config="true" signature="setup()[pri:0, instance:com.test.OrangeHRMTest@6771beb3]" started-at="2024-05-07T17:45:11 IST" name="setup" finished-at="2024-05-07T17:45:24 IST" duration-ms="13390" status="PASS">
          <reporter-output>
          </reporter-output>
        </test-method> <!-- setup -->
        <test-method signature="loginPageTest()[pri:0, instance:com.test.OrangeHRMTest@6771beb3]" started-at="2024-05-07T17:45:24 IST" name="loginPageTest" finished-at="2024-05-07T17:45:28 IST" duration-ms="4066" status="PASS">
          <reporter-output>
          </reporter-output>
        </test-method> <!-- loginPageTest -->
        <test-method is-config="true" signature="tearDown(org.testng.ITestResult)[pri:0, instance:com.test.OrangeHRMTest@6771beb3]" started-at="2024-05-07T17:45:28 IST" name="tearDown" finished-at="2024-05-07T17:45:28 IST" duration-ms="175" status="PASS">
          <params>
            <param index="0">
              <value>
                <![CDATA[[TestResult name=loginPageTest status=SUCCESS method=OrangeHRMTest.loginPageTest()[pri:0, instance:com.test.OrangeHRMTest@6771beb3] output={null}]]]>
              </value>
            </param>
          </params>
          <reporter-output>
          </reporter-output>
        </test-method> <!-- tearDown -->
        <test-method is-config="true" signature="setup()[pri:0, instance:com.test.OrangeHRMTest@6771beb3]" started-at="2024-05-07T17:45:28 IST" name="setup" finished-at="2024-05-07T17:45:39 IST" duration-ms="11267" status="PASS">
          <reporter-output>
          </reporter-output>
        </test-method> <!-- setup -->
        <test-method signature="loginTest()[pri:0, instance:com.test.OrangeHRMTest@6771beb3]" started-at="2024-05-07T17:45:39 IST" name="loginTest" finished-at="2024-05-07T17:45:46 IST" duration-ms="6315" status="PASS">
          <reporter-output>
          </reporter-output>
        </test-method> <!-- loginTest -->
        <test-method is-config="true" signature="tearDown(org.testng.ITestResult)[pri:0, instance:com.test.OrangeHRMTest@6771beb3]" started-at="2024-05-07T17:45:46 IST" name="tearDown" finished-at="2024-05-07T17:45:46 IST" duration-ms="229" status="PASS">
          <params>
            <param index="0">
              <value>
                <![CDATA[[TestResult name=loginTest status=SUCCESS method=OrangeHRMTest.loginTest()[pri:0, instance:com.test.OrangeHRMTest@6771beb3] output={null}]]]>
              </value>
            </param>
          </params>
          <reporter-output>
          </reporter-output>
        </test-method> <!-- tearDown -->
        <test-method is-config="true" signature="setup()[pri:0, instance:com.test.OrangeHRMTest@6771beb3]" started-at="2024-05-07T17:45:46 IST" name="setup" finished-at="2024-05-07T17:45:59 IST" duration-ms="12926" status="PASS">
          <reporter-output>
          </reporter-output>
        </test-method> <!-- setup -->
        <test-method signature="sampleCase()[pri:0, instance:com.test.OrangeHRMTest@6771beb3]" started-at="2024-05-07T17:45:59 IST" name="sampleCase" finished-at="2024-05-07T17:45:59 IST" duration-ms="2" status="PASS">
          <reporter-output>
          </reporter-output>
        </test-method> <!-- sampleCase -->
        <test-method is-config="true" signature="tearDown(org.testng.ITestResult)[pri:0, instance:com.test.OrangeHRMTest@6771beb3]" started-at="2024-05-07T17:45:59 IST" name="tearDown" finished-at="2024-05-07T17:45:59 IST" duration-ms="183" status="PASS">
          <params>
            <param index="0">
              <value>
                <![CDATA[[TestResult name=sampleCase status=SUCCESS method=OrangeHRMTest.sampleCase()[pri:0, instance:com.test.OrangeHRMTest@6771beb3] output={null}]]]>
              </value>
            </param>
          </params>
          <reporter-output>
          </reporter-output>
        </test-method> <!-- tearDown -->
        <test-method is-config="true" signature="AfterSuite()[pri:0, instance:com.test.OrangeHRMTest@6771beb3]" started-at="2024-05-07T17:45:59 IST" name="AfterSuite" finished-at="2024-05-07T17:45:59 IST" duration-ms="301" status="PASS">
          <reporter-output>
          </reporter-output>
        </test-method> <!-- AfterSuite -->
      </class> <!-- com.test.OrangeHRMTest -->
    </test> <!-- Test -->
  </suite> <!-- Suite -->
</testng-results>
